<?xml version="1.0" encoding="UTF-8"?>
<testsuite xmlns:xsi="http://www.w3.org/2001/XMLSchema-instance" xsi:noNamespaceSchemaLocation="https://maven.apache.org/surefire/maven-surefire-plugin/xsd/surefire-test-report.xsd" version="3.0.2" name="cresterida.LambdaHandlerTest" time="9.699" tests="1" errors="0" skipped="0" failures="0">
  <properties>
[...]
</properties>
  <testcase name="testSimpleLambdaSuccess" classname="cresterida.LambdaHandlerTest" time="3.166">
    <system-out><![CDATA[2025-03-19 12:53:56,691 INFO  [io.qua.ama.lam.run.MockEventServer] (build-21) Mock Lambda Event Server Started
2025-03-19 12:53:58,443 INFO  [io.qua.ama.lam.run.AbstractLambdaPollLoop] (Lambda Thread (TEST)) Listening on: http://localhost:8081/_lambda_/2018-06-01/runtime/invocation/next
2025-03-19 12:53:58,475 INFO  [io.quarkus] (main) lambda-quarkus-native 1.0-SNAPSHOT on JVM (powered by Quarkus 3.19.3) started in 3.584s. 
2025-03-19 12:53:58,476 INFO  [io.quarkus] (main) Profile test activated. 
2025-03-19 12:53:58,477 INFO  [io.quarkus] (main) Installed features: [amazon-lambda, cdi]
2025-03-19 12:54:01,571 INFO  [cre.ProcessingService] (Lambda Thread (TEST)) Received request to greet Stu
]]></system-out>
  </testcase>
</testsuite>